<!DOCTYPE html PUBLIC "-//W3C//DTD XHTML 1.1//EN" "http://www.w3.org/TR/xhtml11/DTD/xhtml11.dtd">
<html xmlns="http://www.w3.org/1999/xhtml"><head><title>TestNG Report</title><style type="text/css">table {margin-bottom:10px;border-collapse:collapse;empty-cells:show}th,td {border:1px solid #009;padding:.25em .5em}th {vertical-align:bottom}td {vertical-align:top}table a {font-weight:bold}.stripe td {background-color: #E6EBF9}.num {text-align:right}.passedodd td {background-color: #3F3}.passedeven td {background-color: #0A0}.skippedodd td {background-color: #DDD}.skippedeven td {background-color: #CCC}.failedodd td,.attn {background-color: #F33}.failedeven td,.stripe .attn {background-color: #D00}.stacktrace {white-space:pre;font-family:monospace}.totop {font-size:85%;text-align:center;border-bottom:2px solid #000}</style></head><body><table><tr><th>Test</th><th># Passed</th><th># Skipped</th><th># Failed</th><th>Time (ms)</th><th>Included Groups</th><th>Excluded Groups</th></tr><tr><th colspan="7">Advance reporting</th></tr><tr><td><a href="#t0">GoIbibo</a></td><td class="num">1</td><td class="num">0</td><td class="num attn">1</td><td class="num">86,958</td><td></td><td></td></tr></table><table><thead><tr><th>Class</th><th>Method</th><th>Start</th><th>Time (ms)</th></tr></thead><tbody><tr><th colspan="4">Advance reporting</th></tr></tbody><tbody id="t0"><tr><th colspan="4">GoIbibo &#8212; failed (configuration methods)</th></tr><tr class="failedeven"><td rowspan="1">TestScripts.Flights</td><td><a href="#m0">afterClass</a></td><td rowspan="1">1475669100945</td><td rowspan="1">0</td></tr><tr class="failedodd"><td rowspan="1">TestScripts.Flights1</td><td><a href="#m1">afterClass</a></td><td rowspan="1">1475669138351</td><td rowspan="1">0</td></tr><tr><th colspan="4">GoIbibo &#8212; failed</th></tr><tr class="failedeven"><td rowspan="1">TestScripts.Flights1</td><td><a href="#m2">function</a></td><td rowspan="1">1475669117332</td><td rowspan="1">19733</td></tr><tr><th colspan="4">GoIbibo &#8212; passed</th></tr><tr class="passedeven"><td rowspan="1">TestScripts.Flights</td><td><a href="#m3">f</a></td><td rowspan="1">1475669070329</td><td rowspan="1">30612</td></tr></tbody></table><h2>GoIbibo</h2><h3 id="m0">TestScripts.Flights#afterClass</h3><table class="result"><tr><th>Exception</th></tr><tr><td><div class="stacktrace">java.lang.NullPointerException
	at com.relevantcodes.extentreports.configuration.ConfigLoader.getConfigurationHash(ConfigLoader.java:67)
	at com.relevantcodes.extentreports.reporter.AbstractReporter.loadXMLConfig(AbstractReporter.java:59)
	at com.relevantcodes.extentreports.reporter.AbstractReporter.loadXMLConfig(AbstractReporter.java:55)
	at TestScripts.Flights.afterClass(Flights.java:120)
... Removed 24 stack frames</div></td></tr></table><p class="totop"><a href="#summary">back to summary</a></p><h3 id="m1">TestScripts.Flights1#afterClass</h3><table class="result"><tr><th>Exception</th></tr><tr><td><div class="stacktrace">java.lang.NullPointerException
	at com.relevantcodes.extentreports.configuration.ConfigLoader.getConfigurationHash(ConfigLoader.java:67)
	at com.relevantcodes.extentreports.reporter.AbstractReporter.loadXMLConfig(AbstractReporter.java:59)
	at com.relevantcodes.extentreports.reporter.AbstractReporter.loadXMLConfig(AbstractReporter.java:55)
	at TestScripts.Flights1.afterClass(Flights1.java:121)
... Removed 24 stack frames</div></td></tr></table><p class="totop"><a href="#summary">back to summary</a></p><h3 id="m2">TestScripts.Flights1#function</h3><table class="result"><tr><th>Exception</th></tr><tr><td><div class="stacktrace">org.openqa.selenium.NoSuchElementException: Unable to locate element: {&quot;method&quot;:&quot;id&quot;,&quot;selector&quot;:&quot;jrdp_start-calen_nextmonth_multi_1&quot;}
Command duration or timeout: 5.07 seconds
For documentation on this error, please visit: http://seleniumhq.org/exceptions/no_such_element.html
Build info: version: &apos;2.48.2&apos;, revision: &apos;41bccdd&apos;, time: &apos;2015-10-09 19:59:12&apos;
System info: host: &apos;ad-PC&apos;, ip: &apos;192.168.1.14&apos;, os.name: &apos;Windows 7&apos;, os.arch: &apos;amd64&apos;, os.version: &apos;6.1&apos;, java.version: &apos;1.8.0_45&apos;
Driver info: org.openqa.selenium.firefox.FirefoxDriver
Capabilities [{applicationCacheEnabled=true, rotatable=false, handlesAlerts=true, databaseEnabled=true, version=41.0, platform=WINDOWS, nativeEvents=false, acceptSslCerts=true, webStorageEnabled=true, locationContextEnabled=true, browserName=firefox, takesScreenshot=true, javascriptEnabled=true, cssSelectorsEnabled=true}]
Session ID: e92e9899-a441-49c6-806c-97e8439b4fc2
*** Element info: {Using=id, value=jrdp_start-calen_nextmonth_multi_1}
	at org.openqa.selenium.remote.ErrorHandler.createThrowable(ErrorHandler.java:206)
	at org.openqa.selenium.remote.ErrorHandler.throwIfResponseFailed(ErrorHandler.java:158)
	at org.openqa.selenium.remote.RemoteWebDriver.execute(RemoteWebDriver.java:647)
	at org.openqa.selenium.remote.RemoteWebDriver.findElement(RemoteWebDriver.java:353)
	at org.openqa.selenium.remote.RemoteWebDriver.findElementById(RemoteWebDriver.java:403)
	at org.openqa.selenium.By$ById.findElement(By.java:218)
	at org.openqa.selenium.remote.RemoteWebDriver.findElement(RemoteWebDriver.java:345)
	at org.openqa.selenium.support.pagefactory.DefaultElementLocator.findElement(DefaultElementLocator.java:69)
	at org.openqa.selenium.support.pagefactory.internal.LocatingElementHandler.invoke(LocatingElementHandler.java:38)
	at com.sun.proxy.$Proxy7.click(Unknown Source)
	at PageFactory.FlightsFactory.selectDeparturedate(FlightsFactory.java:99)
	at TestScripts.Flights1.function(Flights1.java:75)
Caused by: org.openqa.selenium.NoSuchElementException: Unable to locate element: {&quot;method&quot;:&quot;id&quot;,&quot;selector&quot;:&quot;jrdp_start-calen_nextmonth_multi_1&quot;}
For documentation on this error, please visit: http://seleniumhq.org/exceptions/no_such_element.html
Build info: version: &apos;2.48.2&apos;, revision: &apos;41bccdd&apos;, time: &apos;2015-10-09 19:59:12&apos;
System info: host: &apos;ad-PC&apos;, ip: &apos;192.168.1.14&apos;, os.name: &apos;Windows 7&apos;, os.arch: &apos;amd64&apos;, os.version: &apos;6.1&apos;, java.version: &apos;1.8.0_45&apos;
Driver info: driver.version: unknown
	at &lt;anonymous class&gt;.FirefoxDriver.prototype.findElementInternal_(file:///C:/Users/ad/AppData/Local/Temp/anonymous5255754408510741953webdriver-profile/extensions/fxdriver@googlecode.com/components/driver-component.js:10659)
	at &lt;anonymous class&gt;.fxdriver.Timer.prototype.setTimeout/&lt;.notify(file:///C:/Users/ad/AppData/Local/Temp/anonymous5255754408510741953webdriver-profile/extensions/fxdriver@googlecode.com/components/driver-component.js:621)
... Removed 28 stack frames</div></td></tr></table><p class="totop"><a href="#summary">back to summary</a></p><h3 id="m3">TestScripts.Flights#f</h3><table class="result"></table><p class="totop"><a href="#summary">back to summary</a></p></body></html>