<?xml version="1.0" encoding="UTF-8"?>
<!-- Generated by org.testng.reporters.JUnitXMLReporter -->
<testsuite hostname="ad-PC" name="GoIbibo" tests="2" failures="1" timestamp="5 Oct 2016 12:05:38 GMT" time="86.958" errors="0">
  <testcase name="@AfterClass afterClass" time="0.0" classname="TestScripts.Flights">
    <failure type="java.lang.NullPointerException">
      <![CDATA[java.lang.NullPointerException
	at com.relevantcodes.extentreports.configuration.ConfigLoader.getConfigurationHash(ConfigLoader.java:67)
	at com.relevantcodes.extentreports.reporter.AbstractReporter.loadXMLConfig(AbstractReporter.java:59)
	at com.relevantcodes.extentreports.reporter.AbstractReporter.loadXMLConfig(AbstractReporter.java:55)
	at TestScripts.Flights.afterClass(Flights.java:120)
... Removed 24 stack frames]]>
    </failure>
  </testcase> <!-- @AfterClass afterClass -->
  <testcase name="@AfterClass afterClass" time="0.0" classname="TestScripts.Flights1">
    <failure type="java.lang.NullPointerException">
      <![CDATA[java.lang.NullPointerException
	at com.relevantcodes.extentreports.configuration.ConfigLoader.getConfigurationHash(ConfigLoader.java:67)
	at com.relevantcodes.extentreports.reporter.AbstractReporter.loadXMLConfig(AbstractReporter.java:59)
	at com.relevantcodes.extentreports.reporter.AbstractReporter.loadXMLConfig(AbstractReporter.java:55)
	at TestScripts.Flights1.afterClass(Flights1.java:121)
... Removed 24 stack frames]]>
    </failure>
  </testcase> <!-- @AfterClass afterClass -->
  <testcase name="f" time="30.612" classname="TestScripts.Flights"/>
  <testcase name="function" time="19.733" classname="TestScripts.Flights1">
    <failure type="org.openqa.selenium.NoSuchElementException" message="Unable to locate element: {&amp;quot;method&amp;quot;:&amp;quot;id&amp;quot;,&amp;quot;selector&amp;quot;:&amp;quot;jrdp_start-calen_nextmonth_multi_1&amp;quot;}
Command duration or timeout: 5.07 seconds
For documentation on this error, please visit: http://seleniumhq.org/exceptions/no_such_element.html
Build info: version: &amp;apos;2.48.2&amp;apos;, revision: &amp;apos;41bccdd&amp;apos;, time: &amp;apos;2015-10-09 19:59:12&amp;apos;
System info: host: &amp;apos;ad-PC&amp;apos;, ip: &amp;apos;192.168.1.14&amp;apos;, os.name: &amp;apos;Windows 7&amp;apos;, os.arch: &amp;apos;amd64&amp;apos;, os.version: &amp;apos;6.1&amp;apos;, java.version: &amp;apos;1.8.0_45&amp;apos;
Driver info: org.openqa.selenium.firefox.FirefoxDriver
Capabilities [{applicationCacheEnabled=true, rotatable=false, handlesAlerts=true, databaseEnabled=true, version=41.0, platform=WINDOWS, nativeEvents=false, acceptSslCerts=true, webStorageEnabled=true, locationContextEnabled=true, browserName=firefox, takesScreenshot=true, javascriptEnabled=true, cssSelectorsEnabled=true}]
Session ID: e92e9899-a441-49c6-806c-97e8439b4fc2
*** Element info: {Using=id, value=jrdp_start-calen_nextmonth_multi_1}">
      <![CDATA[org.openqa.selenium.NoSuchElementException: Unable to locate element: {"method":"id","selector":"jrdp_start-calen_nextmonth_multi_1"}
Command duration or timeout: 5.07 seconds
For documentation on this error, please visit: http://seleniumhq.org/exceptions/no_such_element.html
Build info: version: '2.48.2', revision: '41bccdd', time: '2015-10-09 19:59:12'
System info: host: 'ad-PC', ip: '192.168.1.14', os.name: 'Windows 7', os.arch: 'amd64', os.version: '6.1', java.version: '1.8.0_45'
Driver info: org.openqa.selenium.firefox.FirefoxDriver
Capabilities [{applicationCacheEnabled=true, rotatable=false, handlesAlerts=true, databaseEnabled=true, version=41.0, platform=WINDOWS, nativeEvents=false, acceptSslCerts=true, webStorageEnabled=true, locationContextEnabled=true, browserName=firefox, takesScreenshot=true, javascriptEnabled=true, cssSelectorsEnabled=true}]
Session ID: e92e9899-a441-49c6-806c-97e8439b4fc2
*** Element info: {Using=id, value=jrdp_start-calen_nextmonth_multi_1}
	at org.openqa.selenium.remote.ErrorHandler.createThrowable(ErrorHandler.java:206)
	at org.openqa.selenium.remote.ErrorHandler.throwIfResponseFailed(ErrorHandler.java:158)
	at org.openqa.selenium.remote.RemoteWebDriver.execute(RemoteWebDriver.java:647)
	at org.openqa.selenium.remote.RemoteWebDriver.findElement(RemoteWebDriver.java:353)
	at org.openqa.selenium.remote.RemoteWebDriver.findElementById(RemoteWebDriver.java:403)
	at org.openqa.selenium.By$ById.findElement(By.java:218)
	at org.openqa.selenium.remote.RemoteWebDriver.findElement(RemoteWebDriver.java:345)
	at org.openqa.selenium.support.pagefactory.DefaultElementLocator.findElement(DefaultElementLocator.java:69)
	at org.openqa.selenium.support.pagefactory.internal.LocatingElementHandler.invoke(LocatingElementHandler.java:38)
	at com.sun.proxy.$Proxy7.click(Unknown Source)
	at PageFactory.FlightsFactory.selectDeparturedate(FlightsFactory.java:99)
	at TestScripts.Flights1.function(Flights1.java:75)
Caused by: org.openqa.selenium.NoSuchElementException: Unable to locate element: {"method":"id","selector":"jrdp_start-calen_nextmonth_multi_1"}
For documentation on this error, please visit: http://seleniumhq.org/exceptions/no_such_element.html
Build info: version: '2.48.2', revision: '41bccdd', time: '2015-10-09 19:59:12'
System info: host: 'ad-PC', ip: '192.168.1.14', os.name: 'Windows 7', os.arch: 'amd64', os.version: '6.1', java.version: '1.8.0_45'
Driver info: driver.version: unknown
	at <anonymous class>.FirefoxDriver.prototype.findElementInternal_(file:///C:/Users/ad/AppData/Local/Temp/anonymous5255754408510741953webdriver-profile/extensions/fxdriver@googlecode.com/components/driver-component.js:10659)
	at <anonymous class>.fxdriver.Timer.prototype.setTimeout/<.notify(file:///C:/Users/ad/AppData/Local/Temp/anonymous5255754408510741953webdriver-profile/extensions/fxdriver@googlecode.com/components/driver-component.js:621)
... Removed 28 stack frames]]>
    </failure>
  </testcase> <!-- function -->
</testsuite> <!-- GoIbibo -->
